[DEBUG] 2022-09-26 17:12:54.255 [main] logTest - debug message
[INFO ] 2022-09-26 17:12:54.257 [main] logTest - info message
[ERROR] 2022-09-26 17:12:54.257 [main] logTest - error message
[FATAL] 2022-09-26 17:12:54.257 [main] logTest - fatal message
[DEBUG] 2022-09-26 17:13:12.372 [main] logTest - debug message
[INFO ] 2022-09-26 17:13:12.373 [main] logTest - info message
[ERROR] 2022-09-26 17:13:12.373 [main] logTest - error message
[FATAL] 2022-09-26 17:13:12.373 [main] logTest - fatal message
[INFO ] 2022-09-26 18:38:41.802 [main] SalesforceBaseScript - pass login button element clicked
[INFO ] 2022-09-26 18:38:41.804 [main] SalesforceBaseScript - Error - Please Enter Your password 
[INFO ] 2022-09-26 18:38:41.805 [main] SalesforceBaseScript - TestCase1 Completed
[INFO ] 2022-09-26 18:39:43.294 [main] SalesforceBaseScript - pass user nameis cleared
[INFO ] 2022-09-26 18:39:43.593 [main] SalesforceBaseScript - text entered in user namefield
[INFO ] 2022-09-26 18:39:43.844 [main] SalesforceBaseScript - pass passwordis cleared
[INFO ] 2022-09-26 18:39:43.924 [main] SalesforceBaseScript - text entered in passwordfield
[INFO ] 2022-09-26 18:39:44.988 [main] SalesforceBaseScript - pass login button element clicked
[INFO ] 2022-09-26 18:40:03.071 [main] SalesforceBaseScript - pass user nameis cleared
[INFO ] 2022-09-26 18:40:03.214 [main] SalesforceBaseScript - text entered in user namefield
[INFO ] 2022-09-26 18:40:16.360 [main] SalesforceBaseScript - pass login button element clicked
[INFO ] 2022-09-26 18:43:27.086 [main] SalesforceBaseScript - pass login button element clicked
[INFO ] 2022-09-26 18:43:27.088 [main] SalesforceBaseScript - Error - Please Enter Your password 
[INFO ] 2022-09-26 18:43:27.088 [main] SalesforceBaseScript - TestCase1 Completed
[INFO ] 2022-09-26 18:45:18.874 [main] SalesforceBaseScript - pass user nameis cleared
[INFO ] 2022-09-26 18:45:19.088 [main] SalesforceBaseScript - text entered in user namefield
[INFO ] 2022-09-26 18:45:19.212 [main] SalesforceBaseScript - pass passwordis cleared
[INFO ] 2022-09-26 18:45:19.343 [main] SalesforceBaseScript - text entered in passwordfield
[INFO ] 2022-09-26 18:45:19.582 [main] SalesforceBaseScript - pass login button element clicked
[INFO ] 2022-09-26 18:46:10.164 [main] SalesforceBaseScript - pass user nameis cleared
[INFO ] 2022-09-26 18:46:10.397 [main] SalesforceBaseScript - text entered in user namefield
[INFO ] 2022-09-26 18:46:36.035 [main] SalesforceBaseScript - pass login button element clicked
[INFO ] 2022-09-26 19:21:02.694 [main] SalesforceBaseScript - username entered
[INFO ] 2022-09-26 19:21:02.779 [main] SalesforceBaseScript - password entered
[INFO ] 2022-09-26 19:21:05.230 [main] SalesforceBaseScript - nullcompleted
[INFO ] 2022-09-26 19:22:40.868 [main] SalesforceBaseScript - username entered
[INFO ] 2022-09-26 19:22:40.942 [main] SalesforceBaseScript - password entered
[INFO ] 2022-09-27 10:09:47.364 [main] SalesforceBaseScript - pass login button element clicked
[INFO ] 2022-09-27 10:09:47.366 [main] SalesforceBaseScript - Error - Please Enter Your password 
[INFO ] 2022-09-27 10:09:47.366 [main] SalesforceBaseScript - TestCase1 Completed
[INFO ] 2022-09-27 10:10:21.235 [main] SalesforceBaseScript - username entered
[INFO ] 2022-09-27 10:10:21.309 [main] SalesforceBaseScript - password entered
[INFO ] 2022-09-27 10:10:23.725 [main] SalesforceBaseScript - nullcompleted
[INFO ] 2022-09-27 10:11:13.105 [main] SalesforceBaseScript - username entered
[INFO ] 2022-09-27 10:11:13.189 [main] SalesforceBaseScript - password entered
[INFO ] 2022-09-27 10:11:17.156 [main] SalesforceBaseScript - nullcompleted
[WARN ] 2022-09-27 10:11:43.213 [main] SalesforceBaseScript - Enter correct browser name
[INFO ] 2022-09-27 10:30:48.365 [main] SalesforceBaseScript - pass login button element clicked
[INFO ] 2022-09-27 10:30:48.368 [main] SalesforceBaseScript - Error - Please Enter Your password 
[INFO ] 2022-09-27 10:30:48.368 [main] SalesforceBaseScript - TestCase1 Completed
[WARN ] 2022-09-27 10:31:08.148 [main] SalesforceBaseScript - Enter correct browser name
[WARN ] 2022-09-27 10:32:01.682 [main] SalesforceBaseScript - Enter correct browser name
[INFO ] 2022-09-27 10:32:36.209 [main] SalesforceBaseScript - username entered
[INFO ] 2022-09-27 10:32:36.294 [main] SalesforceBaseScript - password entered
[INFO ] 2022-09-27 10:32:39.674 [main] SalesforceBaseScript - nullcompleted
[INFO ] 2022-09-27 15:30:37.815 [main] SalesforceBaseScript - pass login button element clicked
[INFO ] 2022-09-27 15:30:37.819 [main] SalesforceBaseScript - Error - Please Enter Your password 
[INFO ] 2022-09-27 15:30:37.819 [main] SalesforceBaseScript - TestCase1 Completed
[INFO ] 2022-09-27 16:50:55.817 [main] SalesforceBaseScript - username entered
[INFO ] 2022-09-27 16:50:55.882 [main] SalesforceBaseScript - password entered
[INFO ] 2022-09-27 16:50:58.156 [main] SalesforceBaseScript - nullcompleted
[INFO ] 2022-09-27 16:52:47.239 [main] SalesforceBaseScript - pass user nameis cleared
[INFO ] 2022-09-27 16:52:47.288 [main] SalesforceBaseScript - text entered in user namefield
[INFO ] 2022-09-27 16:52:47.363 [main] SalesforceBaseScript - pass passwordis cleared
[INFO ] 2022-09-27 16:52:47.411 [main] SalesforceBaseScript - text entered in passwordfield
[INFO ] 2022-09-27 16:52:47.643 [main] SalesforceBaseScript - pass login button element clicked
[INFO ] 2022-09-27 16:53:37.580 [main] SalesforceBaseScript - pass user nameis cleared
[INFO ] 2022-09-27 16:53:37.624 [main] SalesforceBaseScript - text entered in user namefield
[INFO ] 2022-09-27 16:53:37.707 [main] SalesforceBaseScript - pass passwordis cleared
[INFO ] 2022-09-27 16:53:37.726 [main] SalesforceBaseScript - text entered in passwordfield
[INFO ] 2022-09-27 16:53:38.731 [main] SalesforceBaseScript - pass login button element clicked
[INFO ] 2022-09-27 16:53:56.740 [main] SalesforceBaseScript - pass user nameis cleared
[INFO ] 2022-09-27 16:53:56.767 [main] SalesforceBaseScript - text entered in user namefield
[INFO ] 2022-09-27 16:53:56.815 [main] SalesforceBaseScript - pass passwordis cleared
[INFO ] 2022-09-27 16:53:56.832 [main] SalesforceBaseScript - text entered in passwordfield
[INFO ] 2022-09-27 16:53:57.967 [main] SalesforceBaseScript - pass login button element clicked
[INFO ] 2022-09-27 16:54:24.618 [main] SalesforceBaseScript - pass user nameis cleared
[INFO ] 2022-09-27 16:54:24.649 [main] SalesforceBaseScript - text entered in user namefield
[INFO ] 2022-09-27 16:54:24.714 [main] SalesforceBaseScript - pass passwordis cleared
[INFO ] 2022-09-27 16:54:24.732 [main] SalesforceBaseScript - text entered in passwordfield
[INFO ] 2022-09-27 16:54:25.930 [main] SalesforceBaseScript - pass login button element clicked
[INFO ] 2022-09-27 17:02:57.132 [main] SalesforceBaseScript - pass login button element clicked
[INFO ] 2022-09-27 17:02:57.135 [main] SalesforceBaseScript - Error - Please Enter Your password 
[INFO ] 2022-09-27 17:02:57.135 [main] SalesforceBaseScript - TestCase1 Completed
[INFO ] 2022-09-27 17:02:57.139 [main] SalesforceBaseScript - after method execution is started
[INFO ] 2022-09-27 17:05:36.712 [main] SalesforceBaseScript - pass login button element clicked
[INFO ] 2022-09-27 17:05:36.713 [main] SalesforceBaseScript - Error - Please Enter Your password 
[INFO ] 2022-09-27 17:05:36.713 [main] SalesforceBaseScript - TestCase1 Completed
[INFO ] 2022-09-27 17:05:36.717 [main] SalesforceBaseScript - after method execution is started
[INFO ] 2022-09-27 17:06:01.224 [main] SalesforceBaseScript - username entered
[INFO ] 2022-09-27 17:06:01.278 [main] SalesforceBaseScript - password entered
[INFO ] 2022-09-27 17:06:02.659 [main] SalesforceBaseScript - nullcompleted
[INFO ] 2022-09-27 17:06:03.301 [main] SalesforceBaseScript - after method execution is started
[INFO ] 2022-09-27 17:06:54.657 [main] SalesforceBaseScript - username entered
[INFO ] 2022-09-27 17:06:54.681 [main] SalesforceBaseScript - password entered
[INFO ] 2022-09-27 17:06:56.659 [main] SalesforceBaseScript - after method execution is started
[INFO ] 2022-09-27 17:10:32.542 [main] SalesforceBaseScript - username entered
[INFO ] 2022-09-27 17:10:32.595 [main] SalesforceBaseScript - password entered
[INFO ] 2022-09-27 17:10:33.856 [main] SalesforceBaseScript - TestCase 2 Completed
[INFO ] 2022-09-27 17:10:33.856 [main] SalesforceBaseScript - nullcompleted
[INFO ] 2022-09-27 17:10:33.864 [main] SalesforceBaseScript - after method execution is started
[INFO ] 2022-09-27 19:57:02.232 [main] SalesforceBaseScript - username entered
[INFO ] 2022-09-27 19:57:02.272 [main] SalesforceBaseScript - password entered
[INFO ] 2022-09-27 19:57:04.421 [main] SalesforceBaseScript - TestCase 2 Completed
[INFO ] 2022-09-27 19:57:04.421 [main] SalesforceBaseScript - nullcompleted
[INFO ] 2022-09-27 19:57:04.424 [main] SalesforceBaseScript - after method execution is started
[INFO ] 2022-09-27 20:27:27.074 [main] SalesforceBaseScript - username entered
[INFO ] 2022-09-27 20:27:27.106 [main] SalesforceBaseScript - password entered
[INFO ] 2022-09-27 20:27:28.430 [main] SalesforceBaseScript - TestCase 2 Completed
[INFO ] 2022-09-27 20:27:28.430 [main] SalesforceBaseScript - nullcompleted
[INFO ] 2022-09-27 20:27:28.434 [main] SalesforceBaseScript - after method execution is started
[INFO ] 2022-09-27 20:33:53.194 [main] SalesforceBaseScript - username entered
[INFO ] 2022-09-27 20:33:53.222 [main] SalesforceBaseScript - password entered
[INFO ] 2022-09-27 20:33:54.712 [main] SalesforceBaseScript - TestCase 2 Completed
[INFO ] 2022-09-27 20:33:54.712 [main] SalesforceBaseScript - nullcompleted
[INFO ] 2022-09-27 20:33:54.716 [main] SalesforceBaseScript - after method execution is started
[INFO ] 2022-09-29 17:20:41.064 [main] SalesforceBaseScript - after method execution is started
[INFO ] 2022-09-29 18:50:18.521 [main] SalesforceBaseScript - after method execution is started
[DEBUG] 2022-09-30 16:22:28.694 [main] logTest - debug message
[INFO ] 2022-09-30 16:22:28.696 [main] logTest - info message
[ERROR] 2022-09-30 16:22:28.696 [main] logTest - error message
[FATAL] 2022-09-30 16:22:28.696 [main] logTest - fatal message
